  GET "GET / HTTP/1.1" 200 -
  GET "GET / HTTP/1.1" 200 -
  GET "GET /images_general/skin.css HTTP/1.1" 200 -
  GET "GET / HTTP/1.1" 200 -
  GET "GET /images_general/skin.css HTTP/1.1" 200 -
  GET "GET /__harness/harness.css HTTP/1.1" 200 -
  GET "GET /crypt-js/crypto-js.min.js HTTP/1.1" 200 -
  GET "GET /plugin/common.js HTTP/1.1" 200 -
  GET "GET /plugin/extend.js HTTP/1.1" 200 -
  GET "GET /plugin/language.js HTTP/1.1" 200 -
  GET "GET /plugin/function.js HTTP/1.1" 200 -
  GET "GET /plugin/RSUI.js HTTP/1.1" 200 -
  GET "GET /plugin/schedule.js HTTP/1.1" 200 -
  GET "GET /plugin/class.js HTTP/1.1" 200 -
  GET "GET /plugin/jquery.form.js HTTP/1.1" 200 -
  GET "GET /plugin/jquery.qrcode.min.js HTTP/1.1" 200 -
  GET "GET /__harness/harness.js HTTP/1.1" 200 -
  GET "GET /LoginTopLogo.png HTTP/1.1" 200 -
  GET "GET /plugin/common.js HTTP/1.1" 200 -
  GET "GET /vendor/jquery.js HTTP/1.1" 200 -
  GET "GET /__changes HTTP/1.1" 200 -
  GET "GET /html/login.html HTTP/1.1" 200 -
  GET "GET /favicon.ico HTTP/1.1" 404 -
  GET "GET /lg/English.xml HTTP/1.1" 200 -
  GET "GET /lg/English.xml?_=1784628523961 HTTP/1.1" 200 -
  GET "GET /html/login.html?version=V5.0.5.2&_=1784628523962 HTTP/1.1" 200 -
  GET "GET /LoginTopLogo.png HTTP/1.1" 200 -
  GET "GET /html/login.js?version=V5.0.5.2&SetupName=VideoPlayToolSetup&_=1784628523963 HTTP/1.1" 200 -
  GET "GET /images_general/eye_close.png HTTP/1.1" 200 -
  GET "GET /__changes HTTP/1.1" 200 -
  GET "GET /__changes HTTP/1.1" 200 -
  GET "GET /__changes HTTP/1.1" 200 -
  GET "GET /__changes HTTP/1.1" 200 -
  GET "GET /__changes HTTP/1.1" 200 -
  GET "GET /__changes HTTP/1.1" 200 -
  GET "GET /__changes HTTP/1.1" 200 -
  GET "GET /__changes HTTP/1.1" 200 -
  GET "GET /__changes HTTP/1.1" 200 -
  GET "GET /__changes HTTP/1.1" 200 -
  GET "GET /__changes HTTP/1.1" 200 -
  GET "GET /__changes HTTP/1.1" 200 -
  GET "GET /html/live.html?version=V5.0.5.2&_=1784628523964 HTTP/1.1" 200 -
  GET "GET /html/live.js?version=V5.0.5.2&SetupName=VideoPlayToolSetup&_=1784628523965 HTTP/1.1" 200 -
  GET "GET /images_general/Live/down.png HTTP/1.1" 200 -
  GET "GET /images_general/Live/wndMode.png HTTP/1.1" 200 -
  GET "GET /images_general/Live/liveTop.png HTTP/1.1" 200 -
  GET "GET /images_general/Live/previewIcon.png HTTP/1.1" 200 -
  GET "GET /images_general/Live/ptz.png HTTP/1.1" 200 -
  GET "GET /images_general/checkbox-unselected.png HTTP/1.1" 200 -
  GET "GET /images_general/Live/ptzctrl.png HTTP/1.1" 200 -
  GET "GET /__changes HTTP/1.1" 200 -
  GET "GET /__changes HTTP/1.1" 200 -
  GET "GET /__changes HTTP/1.1" 200 -
  GET "GET /html/config.html?version=V5.0.5.2&_=1784628523966 HTTP/1.1" 200 -
  GET "GET /html/config.js?version=V5.0.5.2&SetupName=VideoPlayToolSetup&_=1784628523967 HTTP/1.1" 200 -
  GET "GET /__changes HTTP/1.1" 200 -
  GET "GET /html/playback.html?version=V5.0.5.2&_=1784628523968 HTTP/1.1" 200 -
  GET "GET /images_general/arrow.png HTTP/1.1" 200 -
  GET "GET /html/playback.js?version=V5.0.5.2&SetupName=VideoPlayToolSetup&_=1784628523969 HTTP/1.1" 200 -
  GET "GET /images_general/radio_uncheck.png HTTP/1.1" 200 -
  GET "GET /images_general/date.png HTTP/1.1" 200 -
  GET "GET /images_general/pbIcon.png HTTP/1.1" 200 -
  GET "GET /images_general/radio_check.png HTTP/1.1" 200 -
  GET "GET /images_general/Live/sliderBg.png HTTP/1.1" 200 -
  GET "GET /images_general/Live/sliderBg1.png HTTP/1.1" 200 -
  GET "GET /images_general/Live/sliderBar.png HTTP/1.1" 200 -
  GET "GET /__changes HTTP/1.1" 200 -
  GET "GET /html/alarm.html?version=V5.0.5.2&_=1784628523970 HTTP/1.1" 200 -
  GET "GET /html/alarm.js?version=V5.0.5.2&SetupName=VideoPlayToolSetup&_=1784628523971 HTTP/1.1" 200 -
  GET "GET /__changes HTTP/1.1" 200 -
  GET "GET /__changes HTTP/1.1" 200 -
  GET "GET /html/forgetpwd.html?version=V5.0.5.2&_=1784628523972 HTTP/1.1" 200 -
  GET "GET /html/forgetpwd.js?version=V5.0.5.2&SetupName=VideoPlayToolSetup&_=1784628523973 HTTP/1.1" 200 -
  GET "GET /images_general/eye_close_small.png HTTP/1.1" 200 -
  GET "GET /__changes HTTP/1.1" 200 -
  GET "GET /__changes HTTP/1.1" 200 -
  GET "GET /__changes HTTP/1.1" 200 -
  GET "GET /__changes HTTP/1.1" 200 -
  GET "GET /html/login.html?version=V5.0.5.2&_=1784628523974 HTTP/1.1" 200 -
  GET "GET /html/login.js?version=V5.0.5.2&SetupName=VideoPlayToolSetup&_=1784628523975 HTTP/1.1" 200 -
  GET "GET /__changes HTTP/1.1" 200 -
  GET "GET /__changes HTTP/1.1" 200 -
  GET "GET /__changes HTTP/1.1" 200 -
  GET "GET /__changes HTTP/1.1" 200 -
  GET "GET /__changes HTTP/1.1" 200 -
  GET "GET /__changes HTTP/1.1" 200 -
  GET "GET /__changes HTTP/1.1" 200 -
  GET "GET /__changes HTTP/1.1" 200 -
  GET "GET /__changes HTTP/1.1" 200 -
  GET "GET /__changes HTTP/1.1" 200 -
  GET "GET /__changes HTTP/1.1" 200 -
  GET "GET /__changes HTTP/1.1" 200 -
  GET "GET /__changes HTTP/1.1" 200 -
  GET "GET /__changes HTTP/1.1" 200 -
  GET "GET /__changes HTTP/1.1" 200 -
  GET "GET /__changes HTTP/1.1" 200 -
  GET "GET /__changes HTTP/1.1" 200 -
  GET "GET /__changes HTTP/1.1" 200 -
  GET "GET /__changes HTTP/1.1" 200 -
  GET "GET /__changes HTTP/1.1" 200 -
  GET "GET /__changes HTTP/1.1" 200 -
  GET "GET /__changes HTTP/1.1" 200 -
  GET "GET /__changes HTTP/1.1" 200 -
  GET "GET /__changes HTTP/1.1" 200 -
  GET "GET /__changes HTTP/1.1" 200 -
  GET "GET /__changes HTTP/1.1" 200 -
  GET "GET /__changes HTTP/1.1" 200 -
  GET "GET /__changes HTTP/1.1" 200 -
  GET "GET /__changes HTTP/1.1" 200 -
  GET "GET /__changes HTTP/1.1" 200 -
  GET "GET /__changes HTTP/1.1" 200 -
  GET "GET /__changes HTTP/1.1" 200 -
  GET "GET /__changes HTTP/1.1" 200 -
  GET "GET /__changes HTTP/1.1" 200 -
  GET "GET /__changes HTTP/1.1" 200 -
  GET "GET /__changes HTTP/1.1" 200 -
  GET "GET /__changes HTTP/1.1" 200 -
  GET "GET /__changes HTTP/1.1" 200 -
  GET "GET /__changes HTTP/1.1" 200 -
  GET "GET /__changes HTTP/1.1" 200 -
  GET "GET /__changes HTTP/1.1" 200 -
  GET "GET /__changes HTTP/1.1" 200 -
  GET "GET /__changes HTTP/1.1" 200 -
  GET "GET /__changes HTTP/1.1" 200 -
  GET "GET /__changes HTTP/1.1" 200 -
  GET "GET /__changes HTTP/1.1" 200 -
  GET "GET /__changes HTTP/1.1" 200 -
  GET "GET /__changes HTTP/1.1" 200 -
  GET "GET /__changes HTTP/1.1" 200 -
  GET "GET /__changes HTTP/1.1" 200 -
  GET "GET /__changes HTTP/1.1" 200 -
  GET "GET /__changes HTTP/1.1" 200 -
  GET "GET /__changes HTTP/1.1" 200 -
  GET "GET /__changes HTTP/1.1" 200 -
  GET "GET /__changes HTTP/1.1" 200 -
  GET "GET /__changes HTTP/1.1" 200 -
  GET "GET /__changes HTTP/1.1" 200 -
  GET "GET /__changes HTTP/1.1" 200 -
  GET "GET /__changes HTTP/1.1" 200 -
  GET "GET /__changes HTTP/1.1" 200 -
  GET "GET /__changes HTTP/1.1" 200 -
  GET "GET /__changes HTTP/1.1" 200 -
  GET "GET /__changes HTTP/1.1" 200 -
  GET "GET /__changes HTTP/1.1" 200 -
  GET "GET /__changes HTTP/1.1" 200 -
  GET "GET /__changes HTTP/1.1" 200 -
  GET "GET /__changes HTTP/1.1" 200 -
  GET "GET /__changes HTTP/1.1" 200 -
  GET "GET /__changes HTTP/1.1" 200 -
  GET "GET /__changes HTTP/1.1" 200 -
  GET "GET /__changes HTTP/1.1" 200 -
  GET "GET /__changes HTTP/1.1" 200 -
  GET "GET /__changes HTTP/1.1" 200 -
  GET "GET /__changes HTTP/1.1" 200 -
  GET "GET /__changes HTTP/1.1" 200 -
  GET "GET /__changes HTTP/1.1" 200 -
  GET "GET /__changes HTTP/1.1" 200 -
  GET "GET /__changes HTTP/1.1" 200 -
  GET "GET /__changes HTTP/1.1" 200 -
  GET "GET /__changes HTTP/1.1" 200 -
  GET "GET /__changes HTTP/1.1" 200 -
  GET "GET /__changes HTTP/1.1" 200 -
  GET "GET /__changes HTTP/1.1" 200 -
  GET "GET /__changes HTTP/1.1" 200 -
  GET "GET /__changes HTTP/1.1" 200 -
  GET "GET /__changes HTTP/1.1" 200 -
  GET "GET /__changes HTTP/1.1" 200 -
  GET "GET /__changes HTTP/1.1" 200 -
  GET "GET /__changes HTTP/1.1" 200 -
  GET "GET /__changes HTTP/1.1" 200 -
  GET "GET /__changes HTTP/1.1" 200 -
  GET "GET /__changes HTTP/1.1" 200 -
  GET "GET /__changes HTTP/1.1" 200 -
  GET "GET /__changes HTTP/1.1" 200 -
  GET "GET /__changes HTTP/1.1" 200 -
  GET "GET /__changes HTTP/1.1" 200 -
  GET "GET /__changes HTTP/1.1" 200 -
  GET "GET /__changes HTTP/1.1" 200 -
  GET "GET /__changes HTTP/1.1" 200 -
  GET "GET /__changes HTTP/1.1" 200 -
  GET "GET /__changes HTTP/1.1" 200 -
  GET "GET /__changes HTTP/1.1" 200 -
  GET "GET /__changes HTTP/1.1" 200 -
  GET "GET /__changes HTTP/1.1" 200 -
  GET "GET /__changes HTTP/1.1" 200 -
  GET "GET /__changes HTTP/1.1" 200 -
  GET "GET /__changes HTTP/1.1" 200 -
  GET "GET /__changes HTTP/1.1" 200 -
  GET "GET /__changes HTTP/1.1" 200 -
  GET "GET /__changes HTTP/1.1" 200 -
  GET "GET /__changes HTTP/1.1" 200 -
  GET "GET /__changes HTTP/1.1" 200 -
  GET "GET /__changes HTTP/1.1" 200 -
  GET "GET /__changes HTTP/1.1" 200 -
  GET "GET /__changes HTTP/1.1" 200 -
  GET "GET /__changes HTTP/1.1" 200 -
  GET "GET /__changes HTTP/1.1" 200 -
  GET "GET /__changes HTTP/1.1" 200 -
  GET "GET /__changes HTTP/1.1" 200 -
  GET "GET /__changes HTTP/1.1" 200 -
  GET "GET /__changes HTTP/1.1" 200 -
  GET "GET /__changes HTTP/1.1" 200 -
  GET "GET /__changes HTTP/1.1" 200 -
  GET "GET /__changes HTTP/1.1" 200 -
  GET "GET /__changes HTTP/1.1" 200 -
  GET "GET /__changes HTTP/1.1" 200 -
  GET "GET /__changes HTTP/1.1" 200 -
  GET "GET /__changes HTTP/1.1" 200 -
  GET "GET /__changes HTTP/1.1" 200 -
  GET "GET /__changes HTTP/1.1" 200 -
  GET "GET /__changes HTTP/1.1" 200 -
  GET "GET /__changes HTTP/1.1" 200 -
  GET "GET /__changes HTTP/1.1" 200 -
  GET "GET /__changes HTTP/1.1" 200 -
  GET "GET /__changes HTTP/1.1" 200 -
  GET "GET /__changes HTTP/1.1" 200 -
  GET "GET /__changes HTTP/1.1" 200 -
  GET "GET /__changes HTTP/1.1" 200 -
  GET "GET /html/live.html?version=V5.0.5.2&_=1784628523976 HTTP/1.1" 200 -
  GET "GET /html/live.js?version=V5.0.5.2&SetupName=VideoPlayToolSetup&_=1784628523977 HTTP/1.1" 200 -
  GET "GET /__changes HTTP/1.1" 200 -
  GET "GET /__changes HTTP/1.1" 200 -
  GET "GET /__changes HTTP/1.1" 200 -
  GET "GET /__changes HTTP/1.1" 200 -
  GET "GET /__changes HTTP/1.1" 200 -
  GET "GET /__changes HTTP/1.1" 200 -
  GET "GET /__changes HTTP/1.1" 200 -
  GET "GET /__changes HTTP/1.1" 200 -
  GET "GET /__changes HTTP/1.1" 200 -
  GET "GET /__changes HTTP/1.1" 200 -
  GET "GET /__changes HTTP/1.1" 200 -
  GET "GET /__changes HTTP/1.1" 200 -
  GET "GET /__changes HTTP/1.1" 200 -
  GET "GET /__changes HTTP/1.1" 200 -
  GET "GET /__changes HTTP/1.1" 200 -
  GET "GET /__changes HTTP/1.1" 200 -
  GET "GET /__changes HTTP/1.1" 200 -
  GET "GET /__changes HTTP/1.1" 200 -
  GET "GET /__changes HTTP/1.1" 200 -
  GET "GET /__changes HTTP/1.1" 200 -
  GET "GET /__changes HTTP/1.1" 200 -
  GET "GET /__changes HTTP/1.1" 200 -
  GET "GET /__changes HTTP/1.1" 200 -
  GET "GET /__changes HTTP/1.1" 200 -
  GET "GET /__changes HTTP/1.1" 200 -
  GET "GET /__changes HTTP/1.1" 200 -
  GET "GET /__changes HTTP/1.1" 200 -
  GET "GET /__changes HTTP/1.1" 200 -
  GET "GET /__changes HTTP/1.1" 200 -
  GET "GET /__changes HTTP/1.1" 200 -
  GET "GET /__changes HTTP/1.1" 200 -
  GET "GET /__changes HTTP/1.1" 200 -
  GET "GET /__changes HTTP/1.1" 200 -
  GET "GET /__changes HTTP/1.1" 200 -
  GET "GET /__changes HTTP/1.1" 200 -
  GET "GET /__changes HTTP/1.1" 200 -
  GET "GET /__changes HTTP/1.1" 200 -
  GET "GET /__changes HTTP/1.1" 200 -
  GET "GET /__changes HTTP/1.1" 200 -
  GET "GET /__changes HTTP/1.1" 200 -
  GET "GET /__changes HTTP/1.1" 200 -
  GET "GET /__changes HTTP/1.1" 200 -
  GET "GET /__changes HTTP/1.1" 200 -
  GET "GET /__changes HTTP/1.1" 200 -
  GET "GET /__changes HTTP/1.1" 200 -
  GET "GET /__changes HTTP/1.1" 200 -
  GET "GET /__changes HTTP/1.1" 200 -
  GET "GET /__changes HTTP/1.1" 200 -
  GET "GET /__changes HTTP/1.1" 200 -
  GET "GET /html/login.html?version=V5.0.5.2&_=1784628523978 HTTP/1.1" 200 -
  GET "GET /html/login.js?version=V5.0.5.2&SetupName=VideoPlayToolSetup&_=1784628523979 HTTP/1.1" 200 -
  GET "GET /__changes HTTP/1.1" 200 -
  GET "GET /__changes HTTP/1.1" 200 -
  GET "GET /__changes HTTP/1.1" 200 -
  GET "GET /__changes HTTP/1.1" 200 -
  GET "GET /__changes HTTP/1.1" 200 -
  GET "GET /__changes HTTP/1.1" 200 -
  GET "GET /__changes HTTP/1.1" 200 -
  GET "GET /__changes HTTP/1.1" 200 -
  GET "GET /__changes HTTP/1.1" 200 -
  GET "GET /__changes HTTP/1.1" 200 -
  GET "GET /__changes HTTP/1.1" 200 -
  GET "GET /__changes HTTP/1.1" 200 -
  GET "GET /__changes HTTP/1.1" 200 -
  GET "GET /__changes HTTP/1.1" 200 -
  GET "GET /__changes HTTP/1.1" 200 -
  GET "GET /__changes HTTP/1.1" 200 -
  GET "GET /__changes HTTP/1.1" 200 -
  GET "GET /__changes HTTP/1.1" 200 -
  GET "GET /__changes HTTP/1.1" 200 -
  GET "GET /__changes HTTP/1.1" 200 -
  GET "GET /__changes HTTP/1.1" 200 -
  GET "GET /__changes HTTP/1.1" 200 -
  GET "GET /__changes HTTP/1.1" 200 -
  GET "GET /__changes HTTP/1.1" 200 -
  GET "GET /__changes HTTP/1.1" 200 -
  GET "GET /__changes HTTP/1.1" 200 -
  GET "GET /__changes HTTP/1.1" 200 -
  GET "GET /__changes HTTP/1.1" 200 -
  GET "GET /__changes HTTP/1.1" 200 -
  GET "GET /__changes HTTP/1.1" 200 -
  GET "GET /__changes HTTP/1.1" 200 -
  GET "GET /__changes HTTP/1.1" 200 -
  GET "GET /__changes HTTP/1.1" 200 -
  GET "GET /__changes HTTP/1.1" 200 -
  GET "GET /__changes HTTP/1.1" 200 -
  GET "GET /__changes HTTP/1.1" 200 -
  GET "GET /__changes HTTP/1.1" 200 -
  GET "GET /__changes HTTP/1.1" 200 -
  GET "GET /__changes HTTP/1.1" 200 -
  GET "GET /__changes HTTP/1.1" 200 -
  GET "GET /__changes HTTP/1.1" 200 -
  GET "GET /__changes HTTP/1.1" 200 -
  GET "GET /__changes HTTP/1.1" 200 -
  GET "GET /__changes HTTP/1.1" 200 -
  GET "GET /__changes HTTP/1.1" 200 -
  GET "GET /__changes HTTP/1.1" 200 -
  GET "GET /__changes HTTP/1.1" 200 -
  GET "GET /__changes HTTP/1.1" 200 -
  GET "GET /__changes HTTP/1.1" 200 -
  GET "GET /__changes HTTP/1.1" 200 -
  GET "GET /__changes HTTP/1.1" 200 -
  GET "GET /__changes HTTP/1.1" 200 -
  GET "GET /__changes HTTP/1.1" 200 -
  GET "GET /__changes HTTP/1.1" 200 -
  GET "GET /__changes HTTP/1.1" 200 -
  GET "GET /__changes HTTP/1.1" 200 -
  GET "GET /__changes HTTP/1.1" 200 -
  GET "GET /__changes HTTP/1.1" 200 -
  GET "GET /__changes HTTP/1.1" 200 -
  GET "GET /__changes HTTP/1.1" 200 -
  GET "GET /__changes HTTP/1.1" 200 -
  GET "GET /__changes HTTP/1.1" 200 -
  GET "GET /__changes HTTP/1.1" 200 -
  GET "GET /__changes HTTP/1.1" 200 -
  GET "GET /__changes HTTP/1.1" 200 -
  GET "GET /__changes HTTP/1.1" 200 -
  GET "GET /__changes HTTP/1.1" 200 -
  GET "GET /__changes HTTP/1.1" 200 -
  GET "GET /__changes HTTP/1.1" 200 -
  GET "GET /__changes HTTP/1.1" 200 -
  GET "GET /__changes HTTP/1.1" 200 -
  GET "GET /__changes HTTP/1.1" 200 -
  GET "GET /__changes HTTP/1.1" 200 -
  GET "GET /__changes HTTP/1.1" 200 -
  GET "GET /__changes HTTP/1.1" 200 -
  GET "GET /__changes HTTP/1.1" 200 -
  GET "GET /__changes HTTP/1.1" 200 -
  GET "GET /__changes HTTP/1.1" 200 -
  GET "GET /__changes HTTP/1.1" 200 -
  GET "GET /__changes HTTP/1.1" 200 -
  GET "GET /__changes HTTP/1.1" 200 -
  GET "GET /__changes HTTP/1.1" 200 -
  GET "GET /__changes HTTP/1.1" 200 -
  GET "GET /__changes HTTP/1.1" 200 -
  GET "GET /__changes HTTP/1.1" 200 -
  GET "GET /__changes HTTP/1.1" 200 -
  GET "GET /__changes HTTP/1.1" 200 -
  GET "GET /__changes HTTP/1.1" 200 -
  GET "GET /__changes HTTP/1.1" 200 -
  GET "GET /__changes HTTP/1.1" 200 -
  GET "GET /__changes HTTP/1.1" 200 -
  GET "GET /__changes HTTP/1.1" 200 -
  GET "GET /__changes HTTP/1.1" 200 -
  GET "GET /__changes HTTP/1.1" 200 -
  GET "GET /__changes HTTP/1.1" 200 -
  GET "GET /__changes HTTP/1.1" 200 -
  GET "GET /__changes HTTP/1.1" 200 -
  GET "GET /html/config.html?version=V5.0.5.2&_=1784628523980 HTTP/1.1" 200 -
  GET "GET /html/config.js?version=V5.0.5.2&SetupName=VideoPlayToolSetup&_=1784628523981 HTTP/1.1" 200 -
  GET "GET /__changes HTTP/1.1" 200 -
  GET "GET /__changes HTTP/1.1" 200 -
  GET "GET /html/playback.html?version=V5.0.5.2&_=1784628523982 HTTP/1.1" 200 -
  GET "GET /html/playback.js?version=V5.0.5.2&SetupName=VideoPlayToolSetup&_=1784628523983 HTTP/1.1" 200 -
  GET "GET /__changes HTTP/1.1" 200 -
  GET "GET /__changes HTTP/1.1" 200 -
  GET "GET /__changes HTTP/1.1" 200 -
  GET "GET /__changes HTTP/1.1" 200 -
  GET "GET /__changes HTTP/1.1" 200 -
  GET "GET /__changes HTTP/1.1" 200 -
  GET "GET /__changes HTTP/1.1" 200 -
  GET "GET /__changes HTTP/1.1" 200 -
  GET "GET /__changes HTTP/1.1" 200 -
  GET "GET /__changes HTTP/1.1" 200 -
  GET "GET /__changes HTTP/1.1" 200 -
  GET "GET /__changes HTTP/1.1" 200 -
  GET "GET /__changes HTTP/1.1" 200 -
  GET "GET /__changes HTTP/1.1" 200 -
  GET "GET /__changes HTTP/1.1" 200 -
  GET "GET /__changes HTTP/1.1" 200 -
  GET "GET /__changes HTTP/1.1" 200 -
  GET "GET /__changes HTTP/1.1" 200 -
  GET "GET /__changes HTTP/1.1" 200 -
  GET "GET /__changes HTTP/1.1" 200 -
  GET "GET /__changes HTTP/1.1" 200 -
  GET "GET /__changes HTTP/1.1" 200 -
  GET "GET /__changes HTTP/1.1" 200 -
  GET "GET /__changes HTTP/1.1" 200 -
  GET "GET /__changes HTTP/1.1" 200 -
  GET "GET /__changes HTTP/1.1" 200 -
  GET "GET /__changes HTTP/1.1" 200 -
  GET "GET /__changes HTTP/1.1" 200 -
  GET "GET /__changes HTTP/1.1" 200 -
  GET "GET /__changes HTTP/1.1" 200 -
  GET "GET /__changes HTTP/1.1" 200 -
  GET "GET /__changes HTTP/1.1" 200 -
  GET "GET /__changes HTTP/1.1" 200 -
  GET "GET /__changes HTTP/1.1" 200 -
  GET "GET /__changes HTTP/1.1" 200 -
  GET "GET /__changes HTTP/1.1" 200 -
  GET "GET /__changes HTTP/1.1" 200 -
  GET "GET /__changes HTTP/1.1" 200 -
  GET "GET /__changes HTTP/1.1" 200 -
  GET "GET /__changes HTTP/1.1" 200 -
  GET "GET /__changes HTTP/1.1" 200 -
  GET "GET /__changes HTTP/1.1" 200 -
  GET "GET /__changes HTTP/1.1" 200 -
  GET "GET /__changes HTTP/1.1" 200 -
  GET "GET /__changes HTTP/1.1" 200 -
  GET "GET /__changes HTTP/1.1" 200 -
  GET "GET /__changes HTTP/1.1" 200 -
  GET "GET /__changes HTTP/1.1" 200 -
  GET "GET /__changes HTTP/1.1" 200 -
  GET "GET /__changes HTTP/1.1" 200 -
  GET "GET /__changes HTTP/1.1" 200 -
  GET "GET /__changes HTTP/1.1" 200 -
  GET "GET /__changes HTTP/1.1" 200 -
  GET "GET /__changes HTTP/1.1" 200 -
  GET "GET /__changes HTTP/1.1" 200 -
  GET "GET /__changes HTTP/1.1" 200 -
  GET "GET /__changes HTTP/1.1" 200 -
  GET "GET /__changes HTTP/1.1" 200 -
  GET "GET /__changes HTTP/1.1" 200 -
  GET "GET /__changes HTTP/1.1" 200 -
  GET "GET /__changes HTTP/1.1" 200 -
  GET "GET /__changes HTTP/1.1" 200 -
  GET "GET /__changes HTTP/1.1" 200 -
  GET "GET /__changes HTTP/1.1" 200 -
  GET "GET /__changes HTTP/1.1" 200 -
  GET "GET /__changes HTTP/1.1" 200 -
  GET "GET /__changes HTTP/1.1" 200 -
  GET "GET /__changes HTTP/1.1" 200 -
  GET "GET /__changes HTTP/1.1" 200 -
  GET "GET /__changes HTTP/1.1" 200 -
  GET "GET /__changes HTTP/1.1" 200 -
  GET "GET /__changes HTTP/1.1" 200 -
  GET "GET /__changes HTTP/1.1" 200 -
  GET "GET /__changes HTTP/1.1" 200 -
  GET "GET /__changes HTTP/1.1" 200 -
  GET "GET /__changes HTTP/1.1" 200 -
  GET "GET /__changes HTTP/1.1" 200 -
  GET "GET /__changes HTTP/1.1" 200 -
  GET "GET /__changes HTTP/1.1" 200 -
  GET "GET /__changes HTTP/1.1" 200 -
  GET "GET /__changes HTTP/1.1" 200 -
  GET "GET /__changes HTTP/1.1" 200 -
  GET "GET /__changes HTTP/1.1" 200 -
  GET "GET /__changes HTTP/1.1" 200 -
  GET "GET /__changes HTTP/1.1" 200 -
  GET "GET /__changes HTTP/1.1" 200 -
  GET "GET /__changes HTTP/1.1" 200 -
  GET "GET /__changes HTTP/1.1" 200 -
  GET "GET /__changes HTTP/1.1" 200 -
  GET "GET /__changes HTTP/1.1" 200 -
  GET "GET /__changes HTTP/1.1" 200 -
  GET "GET /__changes HTTP/1.1" 200 -
  GET "GET /__changes HTTP/1.1" 200 -
  GET "GET /__changes HTTP/1.1" 200 -
  GET "GET /__changes HTTP/1.1" 200 -
  GET "GET /__changes HTTP/1.1" 200 -
  GET "GET / HTTP/1.1" 200 -
  GET "GET /images_general/skin.css HTTP/1.1" 200 -
  GET "GET /__harness/harness.css HTTP/1.1" 200 -
  GET "GET /vendor/jquery.js HTTP/1.1" 200 -
  GET "GET /crypt-js/crypto-js.min.js HTTP/1.1" 200 -
  GET "GET /plugin/common.js HTTP/1.1" 200 -
  GET "GET /plugin/extend.js HTTP/1.1" 200 -
  GET "GET /plugin/language.js HTTP/1.1" 200 -
  GET "GET /plugin/function.js HTTP/1.1" 200 -
  GET "GET /plugin/RSUI.js HTTP/1.1" 200 -
  GET "GET /plugin/schedule.js HTTP/1.1" 200 -
  GET "GET /plugin/class.js HTTP/1.1" 200 -
  GET "GET /plugin/jquery.form.js HTTP/1.1" 200 -
  GET "GET /plugin/jquery.qrcode.min.js HTTP/1.1" 200 -
  GET "GET /__harness/harness.js HTTP/1.1" 200 -
  GET "GET /lg/English.xml?_=1784630754751 HTTP/1.1" 200 -
  GET "GET /__changes HTTP/1.1" 200 -
  GET "GET /html/login.html?version=V5.0.5.2&_=1784630754752 HTTP/1.1" 200 -
  GET "GET /html/login.js?version=V5.0.5.2&SetupName=VideoPlayToolSetup&_=1784630754753 HTTP/1.1" 200 -
  GET "GET /LoginTopLogo.png HTTP/1.1" 200 -
  GET "GET /images_general/eye_close.png HTTP/1.1" 200 -
  GET "GET /__changes HTTP/1.1" 200 -
  GET "GET /__changes HTTP/1.1" 200 -
  GET "GET /__changes HTTP/1.1" 200 -
  GET "GET /__changes HTTP/1.1" 200 -
  GET "GET /__changes HTTP/1.1" 200 -
  GET "GET /__changes HTTP/1.1" 200 -
  GET "GET /__changes HTTP/1.1" 200 -
  GET "GET /__changes HTTP/1.1" 200 -
  GET "GET /__changes HTTP/1.1" 200 -
  GET "GET /__changes HTTP/1.1" 200 -
  GET "GET /__changes HTTP/1.1" 200 -
  GET "GET /__changes HTTP/1.1" 200 -
  GET "GET /__changes HTTP/1.1" 200 -
  GET "GET /__changes HTTP/1.1" 200 -
  GET "GET /__changes HTTP/1.1" 200 -
  GET "GET /__changes HTTP/1.1" 200 -
  GET "GET /__changes HTTP/1.1" 200 -
  GET "GET /__changes HTTP/1.1" 200 -
  GET "GET /__changes HTTP/1.1" 200 -
  GET "GET /__changes HTTP/1.1" 200 -
  GET "GET /__changes HTTP/1.1" 200 -
  GET "GET /__changes HTTP/1.1" 200 -
  GET "GET /__changes HTTP/1.1" 200 -
  GET "GET /__changes HTTP/1.1" 200 -
  GET "GET /__changes HTTP/1.1" 200 -
  GET "GET /__changes HTTP/1.1" 200 -
  GET "GET /__changes HTTP/1.1" 200 -
  GET "GET /__changes HTTP/1.1" 200 -
  GET "GET /__changes HTTP/1.1" 200 -
  GET "GET /__changes HTTP/1.1" 200 -
  GET "GET /__changes HTTP/1.1" 200 -
  GET "GET /__changes HTTP/1.1" 200 -
  GET "GET /__changes HTTP/1.1" 200 -
  GET "GET /__changes HTTP/1.1" 200 -
  GET "GET /__changes HTTP/1.1" 200 -
  GET "GET /__changes HTTP/1.1" 200 -
  GET "GET /__changes HTTP/1.1" 200 -
  GET "GET /__changes HTTP/1.1" 200 -
  GET "GET /__changes HTTP/1.1" 200 -
  GET "GET /__changes HTTP/1.1" 200 -
  GET "GET /__changes HTTP/1.1" 200 -
  GET "GET /__changes HTTP/1.1" 200 -
  GET "GET /__changes HTTP/1.1" 200 -
  GET "GET /__changes HTTP/1.1" 200 -
  GET "GET /__changes HTTP/1.1" 200 -
  GET "GET /__changes HTTP/1.1" 200 -
  GET "GET /__changes HTTP/1.1" 200 -
  GET "GET /__changes HTTP/1.1" 200 -
  GET "GET /__changes HTTP/1.1" 200 -
  GET "GET /__changes HTTP/1.1" 200 -
  GET "GET /__changes HTTP/1.1" 200 -
  GET "GET /__changes HTTP/1.1" 200 -
  GET "GET /__changes HTTP/1.1" 200 -
  GET "GET /__changes HTTP/1.1" 200 -
  GET "GET /__changes HTTP/1.1" 200 -
  GET "GET /__changes HTTP/1.1" 200 -
  GET "GET /__changes HTTP/1.1" 200 -
  GET "GET /__changes HTTP/1.1" 200 -
  GET "GET /__changes HTTP/1.1" 200 -
  GET "GET /__changes HTTP/1.1" 200 -
  GET "GET /__changes HTTP/1.1" 200 -
  GET "GET / HTTP/1.1" 200 -
  GET "GET /__harness/harness.css HTTP/1.1" 200 -
  GET "GET /images_general/skin.css HTTP/1.1" 200 -
  GET "GET /vendor/jquery.js HTTP/1.1" 200 -
  GET "GET /crypt-js/crypto-js.min.js HTTP/1.1" 200 -
  GET "GET /plugin/language.js HTTP/1.1" 200 -
  GET "GET /plugin/extend.js HTTP/1.1" 200 -
  GET "GET /plugin/RSUI.js HTTP/1.1" 200 -
  GET "GET /plugin/function.js HTTP/1.1" 200 -
  GET "GET /plugin/schedule.js HTTP/1.1" 200 -
  GET "GET /plugin/jquery.form.js HTTP/1.1" 200 -
  GET "GET /plugin/jquery.qrcode.min.js HTTP/1.1" 200 -
  GET "GET /__harness/harness.js HTTP/1.1" 200 -
  GET "GET /plugin/common.js HTTP/1.1" 200 -
  GET "GET /plugin/class.js HTTP/1.1" 200 -
  GET "GET /lg/English.xml?_=1784631054752 HTTP/1.1" 200 -
  GET "GET /__changes HTTP/1.1" 200 -
  GET "GET /html/login.html?version=V5.0.5.2&_=1784631054753 HTTP/1.1" 200 -
  GET "GET /LoginTopLogo.png HTTP/1.1" 200 -
  GET "GET /html/login.js?version=V5.0.5.2&SetupName=VideoPlayToolSetup&_=1784631054754 HTTP/1.1" 200 -
  GET "GET /images_general/eye_close.png HTTP/1.1" 200 -
  GET "GET /__changes HTTP/1.1" 200 -
  GET "GET /__changes HTTP/1.1" 200 -
  GET "GET /__changes HTTP/1.1" 200 -
  GET "GET /__changes HTTP/1.1" 200 -
  GET "GET /__changes HTTP/1.1" 200 -
  GET "GET /__changes HTTP/1.1" 200 -
  GET "GET /__changes HTTP/1.1" 200 -
  GET "GET /__changes HTTP/1.1" 200 -
  GET "GET /__changes HTTP/1.1" 200 -
  GET "GET /__changes HTTP/1.1" 200 -
  GET "GET /__changes HTTP/1.1" 200 -
  GET "GET /__changes HTTP/1.1" 200 -
  GET "GET /__changes HTTP/1.1" 200 -
  GET "GET /__changes HTTP/1.1" 200 -
  GET "GET /__changes HTTP/1.1" 200 -
  GET "GET /__changes HTTP/1.1" 200 -
  GET "GET /__changes HTTP/1.1" 200 -
  GET "GET /__changes HTTP/1.1" 200 -
  GET "GET /__changes HTTP/1.1" 200 -
  GET "GET /__changes HTTP/1.1" 200 -
  GET "GET /__changes HTTP/1.1" 200 -
  GET "GET /__changes HTTP/1.1" 200 -
  GET "GET /__changes HTTP/1.1" 200 -
  GET "GET /__changes HTTP/1.1" 200 -
  GET "GET /__changes HTTP/1.1" 200 -
  GET "GET /__changes HTTP/1.1" 200 -
  GET "GET /__changes HTTP/1.1" 200 -
  GET "GET /__changes HTTP/1.1" 200 -
  GET "GET /__changes HTTP/1.1" 200 -
  GET "GET /__changes HTTP/1.1" 200 -
  GET "GET /__changes HTTP/1.1" 200 -
  GET "GET /__changes HTTP/1.1" 200 -
  GET "GET /__changes HTTP/1.1" 200 -
  GET "GET /__changes HTTP/1.1" 200 -
  GET "GET /__changes HTTP/1.1" 200 -
  GET "GET /__changes HTTP/1.1" 200 -
  GET "GET /__changes HTTP/1.1" 200 -
  GET "GET /__changes HTTP/1.1" 200 -
  GET "GET /__changes HTTP/1.1" 200 -
  GET "GET /__changes HTTP/1.1" 200 -
  GET "GET /__changes HTTP/1.1" 200 -
  GET "GET /__changes HTTP/1.1" 200 -
  GET "GET /__changes HTTP/1.1" 200 -
  GET "GET /__changes HTTP/1.1" 200 -
  GET "GET /__changes HTTP/1.1" 200 -
  GET "GET /__changes HTTP/1.1" 200 -
  GET "GET /__changes HTTP/1.1" 200 -
  GET "GET /__changes HTTP/1.1" 200 -
  GET "GET /__changes HTTP/1.1" 200 -
  GET "GET /__changes HTTP/1.1" 200 -
  GET "GET /__changes HTTP/1.1" 200 -
  GET "GET /__changes HTTP/1.1" 200 -
  GET "GET /__changes HTTP/1.1" 200 -
  GET "GET /__changes HTTP/1.1" 200 -
  GET "GET /__changes HTTP/1.1" 200 -
  GET "GET /__changes HTTP/1.1" 200 -
  GET "GET /__changes HTTP/1.1" 200 -
  GET "GET /__changes HTTP/1.1" 200 -
  GET "GET /__changes HTTP/1.1" 200 -
  GET "GET /__changes HTTP/1.1" 200 -
  GET "GET /__changes HTTP/1.1" 200 -
  GET "GET /__changes HTTP/1.1" 200 -
  GET "GET /__changes HTTP/1.1" 200 -
  GET "GET /__changes HTTP/1.1" 200 -
  GET "GET /__changes HTTP/1.1" 200 -
  GET "GET /__changes HTTP/1.1" 200 -
  GET "GET /__changes HTTP/1.1" 200 -
  GET "GET /__changes HTTP/1.1" 200 -
  GET "GET /__changes HTTP/1.1" 200 -
  GET "GET /__changes HTTP/1.1" 200 -
  GET "GET /__changes HTTP/1.1" 200 -
  GET "GET /__changes HTTP/1.1" 200 -
  GET "GET /__changes HTTP/1.1" 200 -
  GET "GET /__changes HTTP/1.1" 200 -
  GET "GET /__changes HTTP/1.1" 200 -
  GET "GET /__changes HTTP/1.1" 200 -
  GET "GET /__changes HTTP/1.1" 200 -
  GET "GET /__changes HTTP/1.1" 200 -
  GET "GET /__changes HTTP/1.1" 200 -
  GET "GET /__changes HTTP/1.1" 200 -
  GET "GET /__changes HTTP/1.1" 200 -
  GET "GET /__changes HTTP/1.1" 200 -
  GET "GET /__changes HTTP/1.1" 200 -
  GET "GET /__changes HTTP/1.1" 200 -
  GET "GET /__changes HTTP/1.1" 200 -
  GET "GET /__changes HTTP/1.1" 200 -
  GET "GET /__changes HTTP/1.1" 200 -
  GET "GET /__changes HTTP/1.1" 200 -
  GET "GET /__changes HTTP/1.1" 200 -
  GET "GET /__changes HTTP/1.1" 200 -
  GET "GET /__changes HTTP/1.1" 200 -
  GET "GET /__changes HTTP/1.1" 200 -
  GET "GET /__changes HTTP/1.1" 200 -
  GET "GET /__changes HTTP/1.1" 200 -
  GET "GET /__changes HTTP/1.1" 200 -
  GET "GET /__changes HTTP/1.1" 200 -
  GET "GET /__changes HTTP/1.1" 200 -
  GET "GET /__changes HTTP/1.1" 200 -
  GET "GET /__changes HTTP/1.1" 200 -
  GET "GET /__changes HTTP/1.1" 200 -
  GET "GET /__changes HTTP/1.1" 200 -
  GET "GET /__changes HTTP/1.1" 200 -
  GET "GET /__changes HTTP/1.1" 200 -
  GET "GET /__changes HTTP/1.1" 200 -
  GET "GET /__changes HTTP/1.1" 200 -
  GET "GET /__changes HTTP/1.1" 200 -
  GET "GET /__changes HTTP/1.1" 200 -
  GET "GET /__changes HTTP/1.1" 200 -
  GET "GET /__changes HTTP/1.1" 200 -
  GET "GET /__changes HTTP/1.1" 200 -
  GET "GET /__changes HTTP/1.1" 200 -
  GET "GET /__changes HTTP/1.1" 200 -
  GET "GET /__changes HTTP/1.1" 200 -
  GET "GET /__changes HTTP/1.1" 200 -
  GET "GET /__changes HTTP/1.1" 200 -
  GET "GET /__changes HTTP/1.1" 200 -
  GET "GET /__changes HTTP/1.1" 200 -
  GET "GET / HTTP/1.1" 200 -
  GET "GET /__changes HTTP/1.1" 200 -
  GET "GET /vendor/jquery.js HTTP/1.1" 200 -
  GET "GET /__harness/harness.css HTTP/1.1" 200 -
  GET "GET /images_general/skin.css HTTP/1.1" 200 -
  GET "GET /crypt-js/crypto-js.min.js HTTP/1.1" 200 -
  GET "GET /plugin/common.js HTTP/1.1" 200 -
  GET "GET /plugin/extend.js HTTP/1.1" 200 -
  GET "GET /plugin/language.js HTTP/1.1" 200 -
  GET "GET /plugin/function.js HTTP/1.1" 200 -
  GET "GET /plugin/RSUI.js HTTP/1.1" 200 -
  GET "GET /plugin/schedule.js HTTP/1.1" 200 -
  GET "GET /plugin/class.js HTTP/1.1" 200 -
  GET "GET /plugin/jquery.form.js HTTP/1.1" 200 -
  GET "GET /plugin/jquery.qrcode.min.js HTTP/1.1" 200 -
  GET "GET /__harness/harness.js HTTP/1.1" 200 -
  GET "GET /lg/English.xml?_=1784631174832 HTTP/1.1" 200 -
  GET "GET /__changes HTTP/1.1" 200 -
  GET "GET /html/login.html?version=V5.0.5.2&_=1784631174833 HTTP/1.1" 200 -
  GET "GET /LoginTopLogo.png HTTP/1.1" 200 -
  GET "GET /html/login.js?version=V5.0.5.2&SetupName=VideoPlayToolSetup&_=1784631174834 HTTP/1.1" 200 -
  GET "GET /images_general/eye_close.png HTTP/1.1" 200 -
  GET "GET /__changes HTTP/1.1" 200 -
  GET "GET /__changes HTTP/1.1" 200 -
  GET "GET /__changes HTTP/1.1" 200 -
  GET "GET /__changes HTTP/1.1" 200 -
  GET "GET /__changes HTTP/1.1" 200 -
  GET "GET /__changes HTTP/1.1" 200 -
  GET "GET /__changes HTTP/1.1" 200 -
  GET "GET /__changes HTTP/1.1" 200 -
  GET "GET /__changes HTTP/1.1" 200 -
  GET "GET /__changes HTTP/1.1" 200 -
  GET "GET /__changes HTTP/1.1" 200 -
  GET "GET /__changes HTTP/1.1" 200 -
  GET "GET /__changes HTTP/1.1" 200 -
  GET "GET /__changes HTTP/1.1" 200 -
  GET "GET /__changes HTTP/1.1" 200 -
  GET "GET /__changes HTTP/1.1" 200 -
  GET "GET /__changes HTTP/1.1" 200 -
  GET "GET /__changes HTTP/1.1" 200 -
  GET "GET /__changes HTTP/1.1" 200 -
  GET "GET /__changes HTTP/1.1" 200 -
  GET "GET /__changes HTTP/1.1" 200 -
  GET "GET /__changes HTTP/1.1" 200 -
  GET "GET /__changes HTTP/1.1" 200 -
  GET "GET /__changes HTTP/1.1" 200 -
  GET "GET /__changes HTTP/1.1" 200 -
  GET "GET /__changes HTTP/1.1" 200 -
  GET "GET /__changes HTTP/1.1" 200 -
  GET "GET /__changes HTTP/1.1" 200 -
  GET "GET /__changes HTTP/1.1" 200 -
  GET "GET /__changes HTTP/1.1" 200 -
  GET "GET /__changes HTTP/1.1" 200 -
  GET "GET /__changes HTTP/1.1" 200 -
  GET "GET /__changes HTTP/1.1" 200 -
  GET "GET /__changes HTTP/1.1" 200 -
  GET "GET /__changes HTTP/1.1" 200 -
  GET "GET /__changes HTTP/1.1" 200 -
  GET "GET /__changes HTTP/1.1" 200 -
  GET "GET /__changes HTTP/1.1" 200 -
  GET "GET /__changes HTTP/1.1" 200 -
  GET "GET /__changes HTTP/1.1" 200 -
  GET "GET /__changes HTTP/1.1" 200 -
  GET "GET /__changes HTTP/1.1" 200 -
  GET "GET /__changes HTTP/1.1" 200 -
  GET "GET /__changes HTTP/1.1" 200 -
  GET "GET /__changes HTTP/1.1" 200 -
  GET "GET /__changes HTTP/1.1" 200 -
  GET "GET /__changes HTTP/1.1" 200 -
  GET "GET /__changes HTTP/1.1" 200 -
  GET "GET /__changes HTTP/1.1" 200 -
  GET "GET /__changes HTTP/1.1" 200 -
  GET "GET /__changes HTTP/1.1" 200 -
  GET "GET /__changes HTTP/1.1" 200 -
  GET "GET /__changes HTTP/1.1" 200 -
  GET "GET /__changes HTTP/1.1" 200 -
  GET "GET /__changes HTTP/1.1" 200 -
  GET "GET /__changes HTTP/1.1" 200 -
  GET "GET /__changes HTTP/1.1" 200 -
  GET "GET /__changes HTTP/1.1" 200 -
  GET "GET /__changes HTTP/1.1" 200 -
  GET "GET /__changes HTTP/1.1" 200 -
  GET "GET /__changes HTTP/1.1" 200 -
  GET "GET /__changes HTTP/1.1" 200 -
  GET "GET /__changes HTTP/1.1" 200 -
  GET "GET /__changes HTTP/1.1" 200 -
  GET "GET /__changes HTTP/1.1" 200 -
  GET "GET /__changes HTTP/1.1" 200 -
  GET "GET /__changes HTTP/1.1" 200 -
  GET "GET /__changes HTTP/1.1" 200 -
  GET "GET /__changes HTTP/1.1" 200 -
  GET "GET /__changes HTTP/1.1" 200 -
  GET "GET /__changes HTTP/1.1" 200 -
  GET "GET /__changes HTTP/1.1" 200 -
  GET "GET / HTTP/1.1" 200 -
  GET "GET /images_general/skin.css HTTP/1.1" 200 -
  GET "GET /__harness/harness.css HTTP/1.1" 200 -
  GET "GET /vendor/jquery.js HTTP/1.1" 200 -
  GET "GET /crypt-js/crypto-js.min.js HTTP/1.1" 200 -
  GET "GET /plugin/common.js HTTP/1.1" 200 -
  GET "GET /plugin/extend.js HTTP/1.1" 200 -
  GET "GET /plugin/language.js HTTP/1.1" 200 -
  GET "GET /plugin/function.js HTTP/1.1" 200 -
  GET "GET /plugin/RSUI.js HTTP/1.1" 200 -
  GET "GET /plugin/schedule.js HTTP/1.1" 200 -
  GET "GET /plugin/class.js HTTP/1.1" 200 -
  GET "GET /plugin/jquery.form.js HTTP/1.1" 200 -
  GET "GET /plugin/jquery.qrcode.min.js HTTP/1.1" 200 -
  GET "GET /__harness/harness.js HTTP/1.1" 200 -
  GET "GET /lg/English.xml?_=1784631916161 HTTP/1.1" 200 -
  GET "GET /favicon.ico HTTP/1.1" 404 -
  GET "GET /__changes HTTP/1.1" 200 -
  GET "GET /html/login.html?version=V5.0.5.2&_=1784631916162 HTTP/1.1" 200 -
  GET "GET /html/login.js?version=V5.0.5.2&SetupName=VideoPlayToolSetup&_=1784631916163 HTTP/1.1" 200 -
  GET "GET /LoginTopLogo.png HTTP/1.1" 200 -
  GET "GET /images_general/eye_close.png HTTP/1.1" 200 -
  GET "GET /__changes HTTP/1.1" 200 -
  GET "GET / HTTP/1.1" 200 -
  GET "GET /images_general/skin.css HTTP/1.1" 200 -
  GET "GET /__harness/harness.css HTTP/1.1" 200 -
  GET "GET /vendor/jquery.js HTTP/1.1" 200 -
  GET "GET /crypt-js/crypto-js.min.js HTTP/1.1" 200 -
  GET "GET /plugin/common.js HTTP/1.1" 200 -
  GET "GET /plugin/extend.js HTTP/1.1" 200 -
  GET "GET /plugin/language.js HTTP/1.1" 200 -
  GET "GET /plugin/function.js HTTP/1.1" 200 -
  GET "GET /plugin/schedule.js HTTP/1.1" 200 -
  GET "GET /plugin/RSUI.js HTTP/1.1" 200 -
  GET "GET /plugin/class.js HTTP/1.1" 200 -
  GET "GET /__harness/harness.js HTTP/1.1" 200 -
  GET "GET /plugin/jquery.form.js HTTP/1.1" 200 -
  GET "GET /plugin/jquery.qrcode.min.js HTTP/1.1" 200 -
  GET "GET /lg/English.xml?_=1784631917719 HTTP/1.1" 200 -
  GET "GET /__changes HTTP/1.1" 200 -
  GET "GET /html/login.html?version=V5.0.5.2&_=1784631917720 HTTP/1.1" 200 -
  GET "GET /LoginTopLogo.png HTTP/1.1" 200 -
  GET "GET /html/login.js?version=V5.0.5.2&SetupName=VideoPlayToolSetup&_=1784631917721 HTTP/1.1" 200 -
  GET "GET /images_general/eye_close.png HTTP/1.1" 200 -
  GET "GET /favicon.ico HTTP/1.1" 404 -
  GET "GET / HTTP/1.1" 200 -
  GET "GET /__harness/harness.css HTTP/1.1" 200 -
  GET "GET /images_general/skin.css HTTP/1.1" 200 -
  GET "GET /vendor/jquery.js HTTP/1.1" 200 -
  GET "GET /plugin/common.js HTTP/1.1" 200 -
  GET "GET /crypt-js/crypto-js.min.js HTTP/1.1" 200 -
  GET "GET /plugin/language.js HTTP/1.1" 200 -
  GET "GET /plugin/extend.js HTTP/1.1" 200 -
  GET "GET /plugin/function.js HTTP/1.1" 200 -
  GET "GET /plugin/RSUI.js HTTP/1.1" 200 -
  GET "GET /plugin/schedule.js HTTP/1.1" 200 -
  GET "GET /plugin/class.js HTTP/1.1" 200 -
  GET "GET /__harness/harness.js HTTP/1.1" 200 -
  GET "GET /plugin/jquery.form.js HTTP/1.1" 200 -
  GET "GET /plugin/jquery.qrcode.min.js HTTP/1.1" 200 -
  GET "GET /lg/English.xml?_=1784631918445 HTTP/1.1" 200 -
  GET "GET /favicon.ico HTTP/1.1" 404 -
  GET "GET /__changes HTTP/1.1" 200 -
  GET "GET /html/login.html?version=V5.0.5.2&_=1784631918446 HTTP/1.1" 200 -
  GET "GET /LoginTopLogo.png HTTP/1.1" 200 -
  GET "GET /html/login.js?version=V5.0.5.2&SetupName=VideoPlayToolSetup&_=1784631918447 HTTP/1.1" 200 -
  GET "GET /images_general/eye_close.png HTTP/1.1" 200 -
  GET "GET /__changes HTTP/1.1" 200 -
  GET "GET /__changes HTTP/1.1" 200 -
  GET "GET / HTTP/1.1" 200 -
  GET "GET /images_general/skin.css HTTP/1.1" 200 -
  GET "GET /__harness/harness.css HTTP/1.1" 200 -
  GET "GET /crypt-js/crypto-js.min.js HTTP/1.1" 200 -
  GET "GET /plugin/common.js HTTP/1.1" 200 -
  GET "GET /vendor/jquery.js HTTP/1.1" 200 -
  GET "GET /plugin/extend.js HTTP/1.1" 200 -
  GET "GET /plugin/function.js HTTP/1.1" 200 -
  GET "GET /plugin/language.js HTTP/1.1" 200 -
  GET "GET /plugin/RSUI.js HTTP/1.1" 200 -
  GET "GET /plugin/schedule.js HTTP/1.1" 200 -
  GET "GET /plugin/class.js HTTP/1.1" 200 -
  GET "GET /plugin/jquery.form.js HTTP/1.1" 200 -
  GET "GET /plugin/jquery.qrcode.min.js HTTP/1.1" 200 -
  GET "GET /__harness/harness.js HTTP/1.1" 200 -
  GET "GET /lg/English.xml?_=1784631921415 HTTP/1.1" 200 -
  GET "GET /favicon.ico HTTP/1.1" 404 -
  GET "GET /html/login.html?version=V5.0.5.2&_=1784631921416 HTTP/1.1" 200 -
  GET "GET /LoginTopLogo.png HTTP/1.1" 200 -
  GET "GET /html/login.js?version=V5.0.5.2&SetupName=VideoPlayToolSetup&_=1784631921417 HTTP/1.1" 200 -
  GET "GET /images_general/eye_close.png HTTP/1.1" 200 -
  GET "GET /__changes HTTP/1.1" 200 -
  GET "GET /__changes HTTP/1.1" 200 -
  GET "GET /__changes HTTP/1.1" 200 -
  GET "GET /__changes HTTP/1.1" 200 -
  GET "GET /__changes HTTP/1.1" 200 -
  GET "GET /__changes HTTP/1.1" 200 -
  GET "GET /__changes HTTP/1.1" 200 -
  GET "GET /__changes HTTP/1.1" 200 -
  GET "GET /__changes HTTP/1.1" 200 -
  GET "GET /__changes HTTP/1.1" 200 -
  GET "GET /__changes HTTP/1.1" 200 -
  GET "GET /__changes HTTP/1.1" 200 -
  GET "GET /__changes HTTP/1.1" 200 -
  GET "GET /__changes HTTP/1.1" 200 -
  GET "GET /__changes HTTP/1.1" 200 -
  GET "GET /__changes HTTP/1.1" 200 -
  GET "GET /__changes HTTP/1.1" 200 -
  GET "GET /__changes HTTP/1.1" 200 -
  GET "GET /__changes HTTP/1.1" 200 -
  GET "GET /__changes HTTP/1.1" 200 -
  GET "GET /__changes HTTP/1.1" 200 -
  GET "GET /__changes HTTP/1.1" 200 -
  GET "GET /__changes HTTP/1.1" 200 -
  GET "GET /__changes HTTP/1.1" 200 -
  GET "GET /__changes HTTP/1.1" 200 -
  GET "GET /__changes HTTP/1.1" 200 -
  GET "GET /__changes HTTP/1.1" 200 -
  GET "GET /__changes HTTP/1.1" 200 -
  GET "GET /__changes HTTP/1.1" 200 -
  GET "GET /__changes HTTP/1.1" 200 -
  GET "GET /__changes HTTP/1.1" 200 -
  GET "GET /__changes HTTP/1.1" 200 -
  GET "GET /__changes HTTP/1.1" 200 -
  GET "GET /__changes HTTP/1.1" 200 -
  GET "GET /__changes HTTP/1.1" 200 -
  GET "GET /__changes HTTP/1.1" 200 -
  GET "GET /__changes HTTP/1.1" 200 -
  GET "GET /__changes HTTP/1.1" 200 -
  GET "GET /__changes HTTP/1.1" 200 -
  GET "GET /__changes HTTP/1.1" 200 -
  GET "GET /__changes HTTP/1.1" 200 -
  GET "GET /__changes HTTP/1.1" 200 -
  GET "GET /__changes HTTP/1.1" 200 -
  GET "GET /__changes HTTP/1.1" 200 -
  GET "GET /__changes HTTP/1.1" 200 -
  GET "GET /__changes HTTP/1.1" 200 -
  GET "GET /__changes HTTP/1.1" 200 -
  GET "GET /__changes HTTP/1.1" 200 -
  GET "GET /__changes HTTP/1.1" 200 -
  GET "GET /__changes HTTP/1.1" 200 -
  GET "GET /__changes HTTP/1.1" 200 -
  GET "GET /__changes HTTP/1.1" 200 -
  GET "GET /__changes HTTP/1.1" 200 -
  GET "GET /__changes HTTP/1.1" 200 -
  GET "GET /__changes HTTP/1.1" 200 -
  GET "GET /__changes HTTP/1.1" 200 -
  GET "GET /__changes HTTP/1.1" 200 -
  GET "GET /__changes HTTP/1.1" 200 -
  GET "GET /__changes HTTP/1.1" 200 -
  GET "GET /__changes HTTP/1.1" 200 -
  GET "GET /__changes HTTP/1.1" 200 -
  GET "GET /__changes HTTP/1.1" 200 -
  GET "GET /__changes HTTP/1.1" 200 -
  GET "GET /__changes HTTP/1.1" 200 -
  GET "GET /__changes HTTP/1.1" 200 -
  GET "GET /__changes HTTP/1.1" 200 -
  GET "GET /__changes HTTP/1.1" 200 -
  GET "GET /__changes HTTP/1.1" 200 -
  GET "GET /__changes HTTP/1.1" 200 -
  GET "GET /__changes HTTP/1.1" 200 -
  GET "GET /__changes HTTP/1.1" 200 -
  GET "GET /__changes HTTP/1.1" 200 -
  GET "GET /__changes HTTP/1.1" 200 -
  GET "GET /__changes HTTP/1.1" 200 -
  GET "GET /__changes HTTP/1.1" 200 -
  GET "GET /__changes HTTP/1.1" 200 -
  GET "GET /__changes HTTP/1.1" 200 -
  GET "GET /__changes HTTP/1.1" 200 -
  GET "GET /__changes HTTP/1.1" 200 -
  GET "GET /__changes HTTP/1.1" 200 -
  GET "GET /__changes HTTP/1.1" 200 -
  GET "GET /__changes HTTP/1.1" 200 -
  GET "GET /__changes HTTP/1.1" 200 -
  GET "GET /__changes HTTP/1.1" 200 -
  GET "GET /__changes HTTP/1.1" 200 -
  GET "GET /__changes HTTP/1.1" 200 -
  GET "GET /__changes HTTP/1.1" 200 -
  GET "GET /__changes HTTP/1.1" 200 -
  GET "GET /__changes HTTP/1.1" 200 -
  GET "GET /__changes HTTP/1.1" 200 -
  GET "GET /__changes HTTP/1.1" 200 -
  GET "GET /__changes HTTP/1.1" 200 -
  GET "GET /__changes HTTP/1.1" 200 -
  GET "GET /__changes HTTP/1.1" 200 -
  GET "GET /__changes HTTP/1.1" 200 -
  GET "GET /__changes HTTP/1.1" 200 -
  GET "GET /__changes HTTP/1.1" 200 -
  GET "GET /__changes HTTP/1.1" 200 -
  GET "GET /__changes HTTP/1.1" 200 -
  GET "GET /__changes HTTP/1.1" 200 -
  GET "GET /__changes HTTP/1.1" 200 -
  GET "GET /__changes HTTP/1.1" 200 -
  GET "GET /__changes HTTP/1.1" 200 -
  GET "GET /images_general/skin.css HTTP/1.1" 200 -
  GET "GET /images_general/skin.css HTTP/1.1" 200 -
  GET "GET /images_general/skin.css HTTP/1.1" 200 -
  GET "GET /__changes HTTP/1.1" 200 -
  GET "GET /__changes HTTP/1.1" 200 -
  GET "GET /__changes HTTP/1.1" 200 -
  GET "GET /__changes HTTP/1.1" 200 -
  GET "GET /__changes HTTP/1.1" 200 -
  GET "GET /__changes HTTP/1.1" 200 -
  GET "GET /__changes HTTP/1.1" 200 -
  GET "GET /__changes HTTP/1.1" 200 -
  GET "GET /__changes HTTP/1.1" 200 -
  GET "GET /__changes HTTP/1.1" 200 -
  GET "GET /__changes HTTP/1.1" 200 -
  GET "GET /__changes HTTP/1.1" 200 -
  GET "GET /__changes HTTP/1.1" 200 -
  GET "GET /__changes HTTP/1.1" 200 -
  GET "GET /__changes HTTP/1.1" 200 -
  GET "GET /__changes HTTP/1.1" 200 -
  GET "GET /__changes HTTP/1.1" 200 -
  GET "GET /__changes HTTP/1.1" 200 -
  GET "GET /__changes HTTP/1.1" 200 -
  GET "GET /__changes HTTP/1.1" 200 -
  GET "GET /__changes HTTP/1.1" 200 -
  GET "GET /__changes HTTP/1.1" 200 -
  GET "GET /__changes HTTP/1.1" 200 -
  GET "GET /__changes HTTP/1.1" 200 -
  GET "GET /__changes HTTP/1.1" 200 -
  GET "GET /__changes HTTP/1.1" 200 -
  GET "GET /__changes HTTP/1.1" 200 -
  GET "GET /__changes HTTP/1.1" 200 -
  GET "GET /__changes HTTP/1.1" 200 -
  GET "GET /__changes HTTP/1.1" 200 -
  GET "GET /__changes HTTP/1.1" 200 -
  GET "GET /__changes HTTP/1.1" 200 -
  GET "GET /__changes HTTP/1.1" 200 -
  GET "GET /__changes HTTP/1.1" 200 -
  GET "GET /__changes HTTP/1.1" 200 -
  GET "GET /__changes HTTP/1.1" 200 -
  GET "GET /__changes HTTP/1.1" 200 -
  GET "GET /__changes HTTP/1.1" 200 -
  GET "GET /__changes HTTP/1.1" 200 -
  GET "GET /__changes HTTP/1.1" 200 -
  GET "GET /__changes HTTP/1.1" 200 -
  GET "GET /__changes HTTP/1.1" 200 -
  GET "GET /__changes HTTP/1.1" 200 -
  GET "GET /__changes HTTP/1.1" 200 -
  GET "GET /__changes HTTP/1.1" 200 -
  GET "GET /__changes HTTP/1.1" 200 -
  GET "GET /__changes HTTP/1.1" 200 -
  GET "GET /__changes HTTP/1.1" 200 -
  GET "GET /__changes HTTP/1.1" 200 -
  GET "GET / HTTP/1.1" 200 -
  GET "GET /images_general/skin.css HTTP/1.1" 200 -
  GET "GET /vendor/jquery.js HTTP/1.1" 200 -
  GET "GET /__harness/harness.css HTTP/1.1" 200 -
  GET "GET /plugin/extend.js HTTP/1.1" 200 -
  GET "GET /plugin/common.js HTTP/1.1" 200 -
  GET "GET /crypt-js/crypto-js.min.js HTTP/1.1" 200 -
  GET "GET /plugin/language.js HTTP/1.1" 200 -
  GET "GET /plugin/function.js HTTP/1.1" 200 -
  GET "GET /plugin/schedule.js HTTP/1.1" 200 -
  GET "GET /plugin/RSUI.js HTTP/1.1" 200 -
  GET "GET /plugin/jquery.form.js HTTP/1.1" 200 -
  GET "GET /plugin/class.js HTTP/1.1" 200 -
  GET "GET /plugin/jquery.qrcode.min.js HTTP/1.1" 200 -
  GET "GET /__harness/harness.js HTTP/1.1" 200 -
  GET "GET /__changes HTTP/1.1" 200 -
  GET "GET /lg/English.xml?_=1784635615868 HTTP/1.1" 200 -
  GET "GET /favicon.ico HTTP/1.1" 404 -
  GET "GET /html/login.html?version=V5.0.5.2&_=1784635615869 HTTP/1.1" 200 -
  GET "GET /LoginTopLogo.png HTTP/1.1" 200 -
  GET "GET /html/login.js?version=V5.0.5.2&SetupName=VideoPlayToolSetup&_=1784635615870 HTTP/1.1" 200 -
  GET "GET /images_general/eye_close.png HTTP/1.1" 200 -
  GET "GET /__changes HTTP/1.1" 200 -
  GET "GET /__changes HTTP/1.1" 200 -
  GET "GET /__changes HTTP/1.1" 200 -
  GET "GET /__changes HTTP/1.1" 200 -
  GET "GET /__changes HTTP/1.1" 200 -
  GET "GET /__changes HTTP/1.1" 200 -
  GET "GET /__changes HTTP/1.1" 200 -
  GET "GET /__changes HTTP/1.1" 200 -
  GET "GET /__changes HTTP/1.1" 200 -
  GET "GET /__changes HTTP/1.1" 200 -
  GET "GET /__changes HTTP/1.1" 200 -
  GET "GET /__changes HTTP/1.1" 200 -
  GET "GET /__changes HTTP/1.1" 200 -
  GET "GET /__changes HTTP/1.1" 200 -
  GET "GET /__changes HTTP/1.1" 200 -
  GET "GET /__changes HTTP/1.1" 200 -
  GET "GET /__changes HTTP/1.1" 200 -
  GET "GET /__changes HTTP/1.1" 200 -
  GET "GET /__changes HTTP/1.1" 200 -
  GET "GET /__changes HTTP/1.1" 200 -
  GET "GET /__changes HTTP/1.1" 200 -
  GET "GET /__changes HTTP/1.1" 200 -
  GET "GET /__changes HTTP/1.1" 200 -
  GET "GET /__changes HTTP/1.1" 200 -
  GET "GET /__changes HTTP/1.1" 200 -
  GET "GET /__changes HTTP/1.1" 200 -
  GET "GET /__changes HTTP/1.1" 200 -
  GET "GET /__changes HTTP/1.1" 200 -
  GET "GET /__changes HTTP/1.1" 200 -
  GET "GET /__changes HTTP/1.1" 200 -
  GET "GET /__changes HTTP/1.1" 200 -
  GET "GET /__changes HTTP/1.1" 200 -
  GET "GET /__changes HTTP/1.1" 200 -
  GET "GET /__changes HTTP/1.1" 200 -
  GET "GET /__changes HTTP/1.1" 200 -
  GET "GET /__changes HTTP/1.1" 200 -
  GET "GET /__changes HTTP/1.1" 200 -
  GET "GET /__changes HTTP/1.1" 200 -
  GET "GET /__changes HTTP/1.1" 200 -
  GET "GET /__changes HTTP/1.1" 200 -
  GET "GET /__changes HTTP/1.1" 200 -
  GET "GET /__changes HTTP/1.1" 200 -
  GET "GET /__changes HTTP/1.1" 200 -
  GET "GET /__changes HTTP/1.1" 200 -
  GET "GET /__changes HTTP/1.1" 200 -
  GET "GET /__changes HTTP/1.1" 200 -
  GET "GET /__changes HTTP/1.1" 200 -
  GET "GET /__changes HTTP/1.1" 200 -
  GET "GET /__changes HTTP/1.1" 200 -
  GET "GET /__changes HTTP/1.1" 200 -
  GET "GET /__changes HTTP/1.1" 200 -
  GET "GET /__changes HTTP/1.1" 200 -
  GET "GET /__changes HTTP/1.1" 200 -
  GET "GET /__changes HTTP/1.1" 200 -
  GET "GET /__changes HTTP/1.1" 200 -
  GET "GET /__changes HTTP/1.1" 200 -
  GET "GET /__changes HTTP/1.1" 200 -
  GET "GET /__changes HTTP/1.1" 200 -
  GET "GET /__changes HTTP/1.1" 200 -
  GET "GET /__changes HTTP/1.1" 200 -
  GET "GET /__changes HTTP/1.1" 200 -
  GET "GET /__changes HTTP/1.1" 200 -
  GET "GET /__changes HTTP/1.1" 200 -
  GET "GET /__changes HTTP/1.1" 200 -
  GET "GET /__changes HTTP/1.1" 200 -
  GET "GET / HTTP/1.1" 200 -
  GET "GET /__harness/harness.css HTTP/1.1" 200 -
  GET "GET /vendor/jquery.js HTTP/1.1" 200 -
  GET "GET /crypt-js/crypto-js.min.js HTTP/1.1" 200 -
  GET "GET /images_general/skin.css HTTP/1.1" 200 -
  GET "GET /plugin/common.js HTTP/1.1" 200 -
  GET "GET /plugin/extend.js HTTP/1.1" 200 -
  GET "GET /plugin/language.js HTTP/1.1" 200 -
  GET "GET /images_general/skin.css?v=1784635915391 HTTP/1.1" 200 -
  GET "GET /plugin/function.js HTTP/1.1" 200 -
  GET "GET /plugin/RSUI.js HTTP/1.1" 200 -
  GET "GET /plugin/schedule.js HTTP/1.1" 200 -
  GET "GET /plugin/class.js HTTP/1.1" 200 -
  GET "GET /plugin/jquery.form.js HTTP/1.1" 200 -
  GET "GET /plugin/jquery.qrcode.min.js HTTP/1.1" 200 -
  GET "GET /__harness/harness.js HTTP/1.1" 200 -
  GET "GET /lg/English.xml?_=1784635915457 HTTP/1.1" 200 -
  GET "GET /__changes HTTP/1.1" 200 -
  GET "GET /html/login.html?version=V5.0.5.2&_=1784635915458 HTTP/1.1" 200 -
  GET "GET /LoginTopLogo.png HTTP/1.1" 200 -
  GET "GET /html/login.js?version=V5.0.5.2&SetupName=VideoPlayToolSetup&_=1784635915459 HTTP/1.1" 200 -
  GET "GET /images_general/eye_close.png HTTP/1.1" 200 -
  GET "GET /__changes HTTP/1.1" 200 -
  GET "GET /__changes HTTP/1.1" 200 -
  GET "GET /__changes HTTP/1.1" 200 -
  GET "GET /__changes HTTP/1.1" 200 -
  GET "GET /__changes HTTP/1.1" 200 -
  GET "GET /__changes HTTP/1.1" 200 -
  GET "GET /__changes HTTP/1.1" 200 -
  GET "GET /__changes HTTP/1.1" 200 -
  GET "GET /__changes HTTP/1.1" 200 -
  GET "GET /__changes HTTP/1.1" 200 -
  GET "GET /__changes HTTP/1.1" 200 -
  GET "GET /__changes HTTP/1.1" 200 -
  GET "GET /__changes HTTP/1.1" 200 -
  GET "GET /__changes HTTP/1.1" 200 -
  GET "GET /__changes HTTP/1.1" 200 -
  GET "GET /__changes HTTP/1.1" 200 -
  GET "GET /__changes HTTP/1.1" 200 -
  GET "GET /__changes HTTP/1.1" 200 -
  GET "GET /__changes HTTP/1.1" 200 -
  GET "GET /__changes HTTP/1.1" 200 -
  GET "GET /__changes HTTP/1.1" 200 -
  GET "GET /__changes HTTP/1.1" 200 -
  GET "GET /__changes HTTP/1.1" 200 -
  GET "GET /__changes HTTP/1.1" 200 -
  GET "GET /__changes HTTP/1.1" 200 -
  GET "GET /__changes HTTP/1.1" 200 -
  GET "GET /__changes HTTP/1.1" 200 -
  GET "GET /__changes HTTP/1.1" 200 -
  GET "GET /__changes HTTP/1.1" 200 -
  GET "GET /__changes HTTP/1.1" 200 -
  GET "GET /__changes HTTP/1.1" 200 -
  GET "GET /__changes HTTP/1.1" 200 -
  GET "GET /__changes HTTP/1.1" 200 -
  GET "GET /__changes HTTP/1.1" 200 -
  GET "GET /__changes HTTP/1.1" 200 -
  GET "GET /__changes HTTP/1.1" 200 -
  GET "GET /__changes HTTP/1.1" 200 -
  GET "GET /__changes HTTP/1.1" 200 -
  GET "GET /__changes HTTP/1.1" 200 -
  GET "GET /images_general/skin.css HTTP/1.1" 200 -
  GET "GET /images_general/skin.css HTTP/1.1" 200 -
